<?xml version="1.0" encoding="UTF-8"?>
<!-- Generated by org.testng.reporters.JUnitReportReporter -->
<testsuite hostname="MB958" failures="0" tests="2" name="com.base.TestRunner" time="15.126" errors="0" timestamp="2022-06-22T23:27:21 BST" skipped="0">
  <testcase classname="com.base.TestRunner" name="runScenario" time="8.303"/>
  <system-out/>
  <testcase classname="com.base.TestRunner" name="runScenario" time="6.823"/>
  <system-out/>
</testsuite> <!-- com.base.TestRunner -->
